{"/home/igloo/yann/proftpd-manager/app.js":{"path":"/home/igloo/yann/proftpd-manager/app.js","s":{"1":1,"2":1,"3":1,"4":1,"5":1,"6":1,"7":1,"8":1,"9":1,"10":1,"11":1,"12":1,"13":1,"14":1,"15":1,"16":1,"17":1,"18":1,"19":1,"20":1,"21":1,"22":1,"23":1,"24":1,"25":1,"26":1,"27":1,"28":1,"29":1,"30":1,"31":1,"32":1,"33":1,"34":1,"35":1,"36":0,"37":0,"38":0,"39":0,"40":1},"b":{"1":[1,1,1],"2":[1,0],"3":[0,1]},"f":{"1":1,"2":0},"fnMap":{"1":{"name":"(anonymous_1)","line":9,"loc":{"start":{"line":9,"column":16},"end":{"line":9,"column":34}}},"2":{"name":"(anonymous_2)","line":77,"loc":{"start":{"line":77,"column":49},"end":{"line":77,"column":60}}}},"statementMap":{"1":{"start":{"line":6,"column":0},"end":{"line":6,"column":33}},"2":{"start":{"line":7,"column":0},"end":{"line":7,"column":31}},"3":{"start":{"line":9,"column":0},"end":{"line":71,"column":2}},"4":{"start":{"line":12,"column":2},"end":{"line":24,"column":4}},"5":{"start":{"line":26,"column":2},"end":{"line":26,"column":41}},"6":{"start":{"line":30,"column":2},"end":{"line":30,"column":29}},"7":{"start":{"line":31,"column":2},"end":{"line":31,"column":53}},"8":{"start":{"line":32,"column":2},"end":{"line":32,"column":45}},"9":{"start":{"line":33,"column":2},"end":{"line":33,"column":47}},"10":{"start":{"line":35,"column":2},"end":{"line":35,"column":22}},"11":{"start":{"line":38,"column":2},"end":{"line":38,"column":59}},"12":{"start":{"line":39,"column":2},"end":{"line":39,"column":41}},"13":{"start":{"line":40,"column":2},"end":{"line":40,"column":33}},"14":{"start":{"line":41,"column":2},"end":{"line":41,"column":29}},"15":{"start":{"line":42,"column":2},"end":{"line":42,"column":33}},"16":{"start":{"line":43,"column":2},"end":{"line":43,"column":26}},"17":{"start":{"line":44,"column":2},"end":{"line":44,"column":32}},"18":{"start":{"line":45,"column":2},"end":{"line":45,"column":36}},"19":{"start":{"line":46,"column":2},"end":{"line":46,"column":52}},"20":{"start":{"line":47,"column":2},"end":{"line":47,"column":29}},"21":{"start":{"line":48,"column":2},"end":{"line":48,"column":22}},"22":{"start":{"line":49,"column":2},"end":{"line":49,"column":58}},"23":{"start":{"line":52,"column":2},"end":{"line":54,"column":3}},"24":{"start":{"line":53,"column":4},"end":{"line":53,"column":36}},"25":{"start":{"line":56,"column":2},"end":{"line":56,"column":27}},"26":{"start":{"line":58,"column":2},"end":{"line":58,"column":32}},"27":{"start":{"line":59,"column":2},"end":{"line":59,"column":34}},"28":{"start":{"line":61,"column":2},"end":{"line":61,"column":38}},"29":{"start":{"line":62,"column":2},"end":{"line":62,"column":35}},"30":{"start":{"line":64,"column":2},"end":{"line":64,"column":42}},"31":{"start":{"line":65,"column":2},"end":{"line":65,"column":39}},"32":{"start":{"line":67,"column":2},"end":{"line":67,"column":47}},"33":{"start":{"line":68,"column":2},"end":{"line":68,"column":44}},"34":{"start":{"line":70,"column":2},"end":{"line":70,"column":13}},"35":{"start":{"line":74,"column":0},"end":{"line":82,"column":1}},"36":{"start":{"line":75,"column":2},"end":{"line":75,"column":29}},"37":{"start":{"line":76,"column":2},"end":{"line":76,"column":24}},"38":{"start":{"line":77,"column":2},"end":{"line":79,"column":5}},"39":{"start":{"line":78,"column":4},"end":{"line":78,"column":71}},"40":{"start":{"line":81,"column":2},"end":{"line":81,"column":29}}},"branchMap":{"1":{"line":38,"type":"binary-expr","locations":[{"start":{"line":38,"column":18},"end":{"line":38,"column":29}},{"start":{"line":38,"column":33},"end":{"line":38,"column":49}},{"start":{"line":38,"column":53},"end":{"line":38,"column":57}}]},"2":{"line":52,"type":"if","locations":[{"start":{"line":52,"column":2},"end":{"line":52,"column":2}},{"start":{"line":52,"column":2},"end":{"line":52,"column":2}}]},"3":{"line":74,"type":"if","locations":[{"start":{"line":74,"column":0},"end":{"line":74,"column":0}},{"start":{"line":74,"column":0},"end":{"line":74,"column":0}}]}}},"/home/igloo/yann/proftpd-manager/model/model.js":{"path":"/home/igloo/yann/proftpd-manager/model/model.js","s":{"1":1,"2":1,"3":1,"4":1,"5":1,"6":15,"7":15,"8":15,"9":1,"10":1,"11":14,"12":14,"13":14,"14":1,"15":1,"16":1,"17":1,"18":1,"19":1,"20":1,"21":1,"22":1,"23":1,"24":1,"25":1,"26":1,"27":1,"28":1,"29":1,"30":1,"31":2,"32":2,"33":0,"34":2,"35":1,"36":1,"37":1,"38":1,"39":1,"40":1,"41":0,"42":1,"43":1,"44":0,"45":0,"46":1,"47":2,"48":2,"49":0,"50":2,"51":2,"52":0,"53":0,"54":1,"55":2,"56":2,"57":0,"58":2,"59":1,"60":1,"61":1,"62":1,"63":4,"64":4,"65":4,"66":1,"67":3,"68":3,"69":3,"70":1,"71":3,"72":3,"73":3,"74":2,"75":1,"76":1},"b":{"1":[0,2],"2":[1,1],"3":[0,1],"4":[1,0],"5":[0,2],"6":[2,0],"7":[0,2],"8":[1,1],"9":[2,1]},"f":{"1":1,"2":15,"3":1,"4":14,"5":1,"6":1,"7":1,"8":1,"9":1,"10":1,"11":1,"12":1,"13":2,"14":2,"15":1,"16":1,"17":1,"18":0,"19":2,"20":2,"21":0,"22":2,"23":2,"24":1,"25":4,"26":4,"27":3,"28":3,"29":3,"30":3},"fnMap":{"1":{"name":"(anonymous_1)","line":11,"loc":{"start":{"line":11,"column":17},"end":{"line":11,"column":35}}},"2":{"name":"(anonymous_2)","line":20,"loc":{"start":{"line":20,"column":12},"end":{"line":20,"column":24}}},"3":{"name":"(anonymous_3)","line":29,"loc":{"start":{"line":29,"column":12},"end":{"line":29,"column":24}}},"4":{"name":"(anonymous_4)","line":30,"loc":{"start":{"line":30,"column":29},"end":{"line":30,"column":46}}},"5":{"name":"(anonymous_5)","line":50,"loc":{"start":{"line":50,"column":20},"end":{"line":50,"column":40}}},"6":{"name":"(anonymous_6)","line":55,"loc":{"start":{"line":55,"column":12},"end":{"line":55,"column":30}}},"7":{"name":"(anonymous_7)","line":60,"loc":{"start":{"line":60,"column":21},"end":{"line":60,"column":41}}},"8":{"name":"(anonymous_8)","line":65,"loc":{"start":{"line":65,"column":12},"end":{"line":65,"column":29}}},"9":{"name":"(anonymous_9)","line":72,"loc":{"start":{"line":72,"column":20},"end":{"line":72,"column":46}}},"10":{"name":"(anonymous_10)","line":75,"loc":{"start":{"line":75,"column":12},"end":{"line":75,"column":29}}},"11":{"name":"(anonymous_11)","line":80,"loc":{"start":{"line":80,"column":19},"end":{"line":80,"column":45}}},"12":{"name":"(anonymous_12)","line":83,"loc":{"start":{"line":83,"column":12},"end":{"line":83,"column":29}}},"13":{"name":"(anonymous_13)","line":91,"loc":{"start":{"line":91,"column":20},"end":{"line":91,"column":44}}},"14":{"name":"(anonymous_14)","line":93,"loc":{"start":{"line":93,"column":24},"end":{"line":93,"column":46}}},"15":{"name":"(anonymous_15)","line":103,"loc":{"start":{"line":103,"column":16},"end":{"line":103,"column":28}}},"16":{"name":"(anonymous_16)","line":110,"loc":{"start":{"line":110,"column":19},"end":{"line":110,"column":43}}},"17":{"name":"(anonymous_17)","line":112,"loc":{"start":{"line":112,"column":23},"end":{"line":112,"column":45}}},"18":{"name":"(anonymous_18)","line":122,"loc":{"start":{"line":122,"column":16},"end":{"line":122,"column":28}}},"19":{"name":"(anonymous_19)","line":131,"loc":{"start":{"line":131,"column":20},"end":{"line":131,"column":52}}},"20":{"name":"(anonymous_20)","line":132,"loc":{"start":{"line":132,"column":23},"end":{"line":132,"column":45}}},"21":{"name":"(anonymous_21)","line":142,"loc":{"start":{"line":142,"column":16},"end":{"line":142,"column":33}}},"22":{"name":"(anonymous_22)","line":149,"loc":{"start":{"line":149,"column":21},"end":{"line":149,"column":53}}},"23":{"name":"(anonymous_23)","line":150,"loc":{"start":{"line":150,"column":24},"end":{"line":150,"column":46}}},"24":{"name":"(anonymous_24)","line":160,"loc":{"start":{"line":160,"column":16},"end":{"line":160,"column":33}}},"25":{"name":"(anonymous_25)","line":169,"loc":{"start":{"line":169,"column":20},"end":{"line":169,"column":44}}},"26":{"name":"(anonymous_26)","line":175,"loc":{"start":{"line":175,"column":12},"end":{"line":175,"column":29}}},"27":{"name":"(anonymous_27)","line":180,"loc":{"start":{"line":180,"column":19},"end":{"line":180,"column":43}}},"28":{"name":"(anonymous_28)","line":186,"loc":{"start":{"line":186,"column":12},"end":{"line":186,"column":29}}},"29":{"name":"(anonymous_29)","line":191,"loc":{"start":{"line":191,"column":26},"end":{"line":191,"column":50}}},"30":{"name":"(anonymous_30)","line":197,"loc":{"start":{"line":197,"column":12},"end":{"line":197,"column":29}}}},"statementMap":{"1":{"start":{"line":8,"column":0},"end":{"line":8,"column":37}},"2":{"start":{"line":11,"column":0},"end":{"line":208,"column":2}},"3":{"start":{"line":13,"column":2},"end":{"line":13,"column":18}},"4":{"start":{"line":15,"column":2},"end":{"line":15,"column":43}},"5":{"start":{"line":18,"column":2},"end":{"line":25,"column":5}},"6":{"start":{"line":21,"column":6},"end":{"line":22,"column":6}},"7":{"start":{"line":22,"column":6},"end":{"line":22,"column":27}},"8":{"start":{"line":23,"column":6},"end":{"line":23,"column":17}},"9":{"start":{"line":27,"column":2},"end":{"line":36,"column":5}},"10":{"start":{"line":30,"column":6},"end":{"line":34,"column":9}},"11":{"start":{"line":31,"column":8},"end":{"line":31,"column":33}},"12":{"start":{"line":32,"column":8},"end":{"line":32,"column":29}},"13":{"start":{"line":33,"column":8},"end":{"line":33,"column":19}},"14":{"start":{"line":38,"column":2},"end":{"line":41,"column":5}},"15":{"start":{"line":42,"column":2},"end":{"line":44,"column":5}},"16":{"start":{"line":50,"column":2},"end":{"line":58,"column":4}},"17":{"start":{"line":51,"column":4},"end":{"line":51,"column":28}},"18":{"start":{"line":53,"column":4},"end":{"line":57,"column":9}},"19":{"start":{"line":56,"column":8},"end":{"line":56,"column":40}},"20":{"start":{"line":60,"column":2},"end":{"line":68,"column":4}},"21":{"start":{"line":61,"column":4},"end":{"line":61,"column":30}},"22":{"start":{"line":63,"column":4},"end":{"line":67,"column":9}},"23":{"start":{"line":66,"column":8},"end":{"line":66,"column":30}},"24":{"start":{"line":72,"column":2},"end":{"line":78,"column":4}},"25":{"start":{"line":73,"column":4},"end":{"line":77,"column":9}},"26":{"start":{"line":76,"column":8},"end":{"line":76,"column":30}},"27":{"start":{"line":80,"column":2},"end":{"line":86,"column":4}},"28":{"start":{"line":81,"column":4},"end":{"line":85,"column":9}},"29":{"start":{"line":84,"column":8},"end":{"line":84,"column":30}},"30":{"start":{"line":91,"column":2},"end":{"line":108,"column":4}},"31":{"start":{"line":93,"column":4},"end":{"line":107,"column":7}},"32":{"start":{"line":94,"column":6},"end":{"line":96,"column":7}},"33":{"start":{"line":95,"column":8},"end":{"line":95,"column":29}},"34":{"start":{"line":98,"column":6},"end":{"line":106,"column":7}},"35":{"start":{"line":99,"column":8},"end":{"line":99,"column":30}},"36":{"start":{"line":101,"column":8},"end":{"line":105,"column":13}},"37":{"start":{"line":104,"column":12},"end":{"line":104,"column":33}},"38":{"start":{"line":110,"column":2},"end":{"line":127,"column":4}},"39":{"start":{"line":112,"column":4},"end":{"line":126,"column":7}},"40":{"start":{"line":113,"column":6},"end":{"line":115,"column":7}},"41":{"start":{"line":114,"column":8},"end":{"line":114,"column":29}},"42":{"start":{"line":117,"column":6},"end":{"line":125,"column":7}},"43":{"start":{"line":118,"column":8},"end":{"line":118,"column":30}},"44":{"start":{"line":120,"column":8},"end":{"line":124,"column":13}},"45":{"start":{"line":123,"column":12},"end":{"line":123,"column":33}},"46":{"start":{"line":131,"column":2},"end":{"line":147,"column":4}},"47":{"start":{"line":132,"column":4},"end":{"line":146,"column":7}},"48":{"start":{"line":133,"column":6},"end":{"line":135,"column":7}},"49":{"start":{"line":134,"column":8},"end":{"line":134,"column":29}},"50":{"start":{"line":137,"column":6},"end":{"line":145,"column":7}},"51":{"start":{"line":138,"column":8},"end":{"line":138,"column":30}},"52":{"start":{"line":140,"column":8},"end":{"line":144,"column":13}},"53":{"start":{"line":143,"column":12},"end":{"line":143,"column":34}},"54":{"start":{"line":149,"column":2},"end":{"line":165,"column":4}},"55":{"start":{"line":150,"column":4},"end":{"line":164,"column":7}},"56":{"start":{"line":151,"column":6},"end":{"line":153,"column":7}},"57":{"start":{"line":152,"column":8},"end":{"line":152,"column":29}},"58":{"start":{"line":155,"column":6},"end":{"line":163,"column":7}},"59":{"start":{"line":156,"column":8},"end":{"line":156,"column":30}},"60":{"start":{"line":158,"column":8},"end":{"line":162,"column":13}},"61":{"start":{"line":161,"column":12},"end":{"line":161,"column":34}},"62":{"start":{"line":169,"column":2},"end":{"line":178,"column":4}},"63":{"start":{"line":170,"column":4},"end":{"line":170,"column":27}},"64":{"start":{"line":172,"column":4},"end":{"line":177,"column":9}},"65":{"start":{"line":176,"column":8},"end":{"line":176,"column":30}},"66":{"start":{"line":180,"column":2},"end":{"line":189,"column":4}},"67":{"start":{"line":181,"column":4},"end":{"line":181,"column":26}},"68":{"start":{"line":183,"column":4},"end":{"line":188,"column":9}},"69":{"start":{"line":187,"column":8},"end":{"line":187,"column":30}},"70":{"start":{"line":191,"column":2},"end":{"line":204,"column":4}},"71":{"start":{"line":192,"column":4},"end":{"line":192,"column":27}},"72":{"start":{"line":194,"column":4},"end":{"line":203,"column":9}},"73":{"start":{"line":198,"column":8},"end":{"line":202,"column":9}},"74":{"start":{"line":199,"column":10},"end":{"line":199,"column":32}},"75":{"start":{"line":201,"column":10},"end":{"line":201,"column":31}},"76":{"start":{"line":206,"column":2},"end":{"line":206,"column":16}}},"branchMap":{"1":{"line":94,"type":"if","locations":[{"start":{"line":94,"column":6},"end":{"line":94,"column":6}},{"start":{"line":94,"column":6},"end":{"line":94,"column":6}}]},"2":{"line":98,"type":"if","locations":[{"start":{"line":98,"column":6},"end":{"line":98,"column":6}},{"start":{"line":98,"column":6},"end":{"line":98,"column":6}}]},"3":{"line":113,"type":"if","locations":[{"start":{"line":113,"column":6},"end":{"line":113,"column":6}},{"start":{"line":113,"column":6},"end":{"line":113,"column":6}}]},"4":{"line":117,"type":"if","locations":[{"start":{"line":117,"column":6},"end":{"line":117,"column":6}},{"start":{"line":117,"column":6},"end":{"line":117,"column":6}}]},"5":{"line":133,"type":"if","locations":[{"start":{"line":133,"column":6},"end":{"line":133,"column":6}},{"start":{"line":133,"column":6},"end":{"line":133,"column":6}}]},"6":{"line":137,"type":"if","locations":[{"start":{"line":137,"column":6},"end":{"line":137,"column":6}},{"start":{"line":137,"column":6},"end":{"line":137,"column":6}}]},"7":{"line":151,"type":"if","locations":[{"start":{"line":151,"column":6},"end":{"line":151,"column":6}},{"start":{"line":151,"column":6},"end":{"line":151,"column":6}}]},"8":{"line":155,"type":"if","locations":[{"start":{"line":155,"column":6},"end":{"line":155,"column":6}},{"start":{"line":155,"column":6},"end":{"line":155,"column":6}}]},"9":{"line":198,"type":"if","locations":[{"start":{"line":198,"column":8},"end":{"line":198,"column":8}},{"start":{"line":198,"column":8},"end":{"line":198,"column":8}}]}}},"/home/igloo/yann/proftpd-manager/routes/user.js":{"path":"/home/igloo/yann/proftpd-manager/routes/user.js","s":{"1":1,"2":1,"3":1,"4":1,"5":1,"6":1,"7":5,"8":5,"9":1,"10":1,"11":1,"12":0,"13":0,"14":1,"15":1,"16":2,"17":1,"18":1,"19":1,"20":2,"21":2,"22":2,"23":2,"24":2,"25":2,"26":2,"27":2,"28":2,"29":2,"30":1,"31":1,"32":1,"33":1,"34":0,"35":0,"36":1,"37":1,"38":1,"39":1,"40":0,"41":0,"42":1,"43":1,"44":3,"45":3,"46":3,"47":3,"48":3,"49":3,"50":3,"51":3,"52":3,"53":3,"54":3,"55":3,"56":3,"57":1,"58":1,"59":2,"60":2,"61":0,"62":0,"63":2,"64":0,"65":0,"66":0,"67":0,"68":0,"69":0,"70":0,"71":0,"72":0,"73":0,"74":0,"75":0,"76":0,"77":1},"b":{"1":[0,1],"2":[1,1],"3":[0,1],"4":[0,1],"5":[3,0],"6":[3,0],"7":[1,2],"8":[0,2],"9":[0,0],"10":[0,0],"11":[0,0]},"f":{"1":1,"2":5,"3":1,"4":1,"5":2,"6":1,"7":1,"8":2,"9":1,"10":1,"11":1,"12":3,"13":2,"14":0,"15":0},"fnMap":{"1":{"name":"(anonymous_1)","line":11,"loc":{"start":{"line":11,"column":17},"end":{"line":11,"column":34}}},"2":{"name":"(anonymous_2)","line":14,"loc":{"start":{"line":14,"column":29},"end":{"line":14,"column":41}}},"3":{"name":"(anonymous_3)","line":68,"loc":{"start":{"line":68,"column":20},"end":{"line":68,"column":46}}},"4":{"name":"(anonymous_4)","line":69,"loc":{"start":{"line":69,"column":19},"end":{"line":69,"column":41}}},"5":{"name":"(anonymous_5)","line":78,"loc":{"start":{"line":78,"column":21},"end":{"line":78,"column":47}}},"6":{"name":"(anonymous_6)","line":80,"loc":{"start":{"line":80,"column":19},"end":{"line":80,"column":31}}},"7":{"name":"(anonymous_7)","line":83,"loc":{"start":{"line":83,"column":26},"end":{"line":83,"column":38}}},"8":{"name":"(anonymous_8)","line":89,"loc":{"start":{"line":89,"column":23},"end":{"line":89,"column":49}}},"9":{"name":"(anonymous_9)","line":115,"loc":{"start":{"line":115,"column":9},"end":{"line":115,"column":29}}},"10":{"name":"(anonymous_10)","line":125,"loc":{"start":{"line":125,"column":26},"end":{"line":125,"column":52}}},"11":{"name":"(anonymous_11)","line":126,"loc":{"start":{"line":126,"column":33},"end":{"line":126,"column":53}}},"12":{"name":"(anonymous_12)","line":135,"loc":{"start":{"line":135,"column":24},"end":{"line":135,"column":50}}},"13":{"name":"(anonymous_13)","line":166,"loc":{"start":{"line":166,"column":13},"end":{"line":166,"column":34}}},"14":{"name":"(anonymous_14)","line":189,"loc":{"start":{"line":189,"column":13},"end":{"line":189,"column":34}}},"15":{"name":"(anonymous_15)","line":201,"loc":{"start":{"line":201,"column":9},"end":{"line":201,"column":30}}}},"statementMap":{"1":{"start":{"line":7,"column":0},"end":{"line":7,"column":37}},"2":{"start":{"line":8,"column":0},"end":{"line":8,"column":41}},"3":{"start":{"line":9,"column":0},"end":{"line":9,"column":31}},"4":{"start":{"line":11,"column":0},"end":{"line":212,"column":2}},"5":{"start":{"line":12,"column":2},"end":{"line":12,"column":22}},"6":{"start":{"line":14,"column":2},"end":{"line":66,"column":4}},"7":{"start":{"line":16,"column":4},"end":{"line":64,"column":6}},"8":{"start":{"line":65,"column":4},"end":{"line":65,"column":18}},"9":{"start":{"line":68,"column":2},"end":{"line":76,"column":4}},"10":{"start":{"line":69,"column":4},"end":{"line":75,"column":7}},"11":{"start":{"line":70,"column":6},"end":{"line":73,"column":7}},"12":{"start":{"line":71,"column":8},"end":{"line":71,"column":18}},"13":{"start":{"line":72,"column":8},"end":{"line":72,"column":15}},"14":{"start":{"line":74,"column":6},"end":{"line":74,"column":22}},"15":{"start":{"line":78,"column":2},"end":{"line":87,"column":4}},"16":{"start":{"line":79,"column":4},"end":{"line":86,"column":7}},"17":{"start":{"line":81,"column":8},"end":{"line":81,"column":28}},"18":{"start":{"line":84,"column":8},"end":{"line":84,"column":40}},"19":{"start":{"line":89,"column":2},"end":{"line":123,"column":4}},"20":{"start":{"line":90,"column":4},"end":{"line":90,"column":77}},"21":{"start":{"line":91,"column":4},"end":{"line":91,"column":26}},"22":{"start":{"line":92,"column":4},"end":{"line":92,"column":17}},"23":{"start":{"line":93,"column":4},"end":{"line":93,"column":48}},"24":{"start":{"line":94,"column":4},"end":{"line":94,"column":46}},"25":{"start":{"line":95,"column":4},"end":{"line":95,"column":54}},"26":{"start":{"line":96,"column":4},"end":{"line":96,"column":50}},"27":{"start":{"line":98,"column":4},"end":{"line":98,"column":44}},"28":{"start":{"line":99,"column":4},"end":{"line":99,"column":55}},"29":{"start":{"line":100,"column":4},"end":{"line":122,"column":5}},"30":{"start":{"line":101,"column":6},"end":{"line":101,"column":27}},"31":{"start":{"line":102,"column":6},"end":{"line":102,"column":13}},"32":{"start":{"line":104,"column":6},"end":{"line":121,"column":9}},"33":{"start":{"line":116,"column":8},"end":{"line":119,"column":9}},"34":{"start":{"line":117,"column":10},"end":{"line":117,"column":20}},"35":{"start":{"line":118,"column":10},"end":{"line":118,"column":17}},"36":{"start":{"line":120,"column":8},"end":{"line":120,"column":22}},"37":{"start":{"line":125,"column":2},"end":{"line":133,"column":4}},"38":{"start":{"line":126,"column":4},"end":{"line":132,"column":7}},"39":{"start":{"line":127,"column":6},"end":{"line":130,"column":7}},"40":{"start":{"line":128,"column":8},"end":{"line":128,"column":18}},"41":{"start":{"line":129,"column":8},"end":{"line":129,"column":15}},"42":{"start":{"line":131,"column":6},"end":{"line":131,"column":20}},"43":{"start":{"line":135,"column":2},"end":{"line":209,"column":4}},"44":{"start":{"line":136,"column":4},"end":{"line":136,"column":40}},"45":{"start":{"line":137,"column":4},"end":{"line":208,"column":5}},"46":{"start":{"line":138,"column":6},"end":{"line":138,"column":32}},"47":{"start":{"line":139,"column":6},"end":{"line":139,"column":19}},"48":{"start":{"line":140,"column":6},"end":{"line":140,"column":50}},"49":{"start":{"line":141,"column":6},"end":{"line":141,"column":48}},"50":{"start":{"line":142,"column":6},"end":{"line":142,"column":56}},"51":{"start":{"line":143,"column":6},"end":{"line":143,"column":52}},"52":{"start":{"line":145,"column":6},"end":{"line":145,"column":46}},"53":{"start":{"line":146,"column":6},"end":{"line":146,"column":57}},"54":{"start":{"line":148,"column":6},"end":{"line":197,"column":7}},"55":{"start":{"line":149,"column":8},"end":{"line":149,"column":81}},"56":{"start":{"line":151,"column":8},"end":{"line":173,"column":9}},"57":{"start":{"line":152,"column":10},"end":{"line":152,"column":31}},"58":{"start":{"line":153,"column":10},"end":{"line":153,"column":17}},"59":{"start":{"line":155,"column":10},"end":{"line":172,"column":13}},"60":{"start":{"line":167,"column":12},"end":{"line":170,"column":13}},"61":{"start":{"line":168,"column":14},"end":{"line":168,"column":24}},"62":{"start":{"line":169,"column":14},"end":{"line":169,"column":21}},"63":{"start":{"line":171,"column":12},"end":{"line":171,"column":27}},"64":{"start":{"line":175,"column":8},"end":{"line":196,"column":9}},"65":{"start":{"line":176,"column":10},"end":{"line":176,"column":31}},"66":{"start":{"line":177,"column":10},"end":{"line":177,"column":17}},"67":{"start":{"line":179,"column":10},"end":{"line":195,"column":13}},"68":{"start":{"line":190,"column":12},"end":{"line":193,"column":13}},"69":{"start":{"line":191,"column":14},"end":{"line":191,"column":24}},"70":{"start":{"line":192,"column":14},"end":{"line":192,"column":21}},"71":{"start":{"line":194,"column":12},"end":{"line":194,"column":27}},"72":{"start":{"line":199,"column":6},"end":{"line":207,"column":9}},"73":{"start":{"line":202,"column":8},"end":{"line":205,"column":9}},"74":{"start":{"line":203,"column":10},"end":{"line":203,"column":20}},"75":{"start":{"line":204,"column":10},"end":{"line":204,"column":17}},"76":{"start":{"line":206,"column":8},"end":{"line":206,"column":23}},"77":{"start":{"line":211,"column":2},"end":{"line":211,"column":20}}},"branchMap":{"1":{"line":70,"type":"if","locations":[{"start":{"line":70,"column":6},"end":{"line":70,"column":6}},{"start":{"line":70,"column":6},"end":{"line":70,"column":6}}]},"2":{"line":100,"type":"if","locations":[{"start":{"line":100,"column":4},"end":{"line":100,"column":4}},{"start":{"line":100,"column":4},"end":{"line":100,"column":4}}]},"3":{"line":116,"type":"if","locations":[{"start":{"line":116,"column":8},"end":{"line":116,"column":8}},{"start":{"line":116,"column":8},"end":{"line":116,"column":8}}]},"4":{"line":127,"type":"if","locations":[{"start":{"line":127,"column":6},"end":{"line":127,"column":6}},{"start":{"line":127,"column":6},"end":{"line":127,"column":6}}]},"5":{"line":137,"type":"if","locations":[{"start":{"line":137,"column":4},"end":{"line":137,"column":4}},{"start":{"line":137,"column":4},"end":{"line":137,"column":4}}]},"6":{"line":148,"type":"if","locations":[{"start":{"line":148,"column":6},"end":{"line":148,"column":6}},{"start":{"line":148,"column":6},"end":{"line":148,"column":6}}]},"7":{"line":151,"type":"if","locations":[{"start":{"line":151,"column":8},"end":{"line":151,"column":8}},{"start":{"line":151,"column":8},"end":{"line":151,"column":8}}]},"8":{"line":167,"type":"if","locations":[{"start":{"line":167,"column":12},"end":{"line":167,"column":12}},{"start":{"line":167,"column":12},"end":{"line":167,"column":12}}]},"9":{"line":175,"type":"if","locations":[{"start":{"line":175,"column":8},"end":{"line":175,"column":8}},{"start":{"line":175,"column":8},"end":{"line":175,"column":8}}]},"10":{"line":190,"type":"if","locations":[{"start":{"line":190,"column":12},"end":{"line":190,"column":12}},{"start":{"line":190,"column":12},"end":{"line":190,"column":12}}]},"11":{"line":202,"type":"if","locations":[{"start":{"line":202,"column":8},"end":{"line":202,"column":8}},{"start":{"line":202,"column":8},"end":{"line":202,"column":8}}]}}},"/home/igloo/yann/proftpd-manager/routes/group.js":{"path":"/home/igloo/yann/proftpd-manager/routes/group.js","s":{"1":1,"2":1,"3":1,"4":1,"5":1,"6":7,"7":7,"8":1,"9":1,"10":1,"11":0,"12":0,"13":1,"14":1,"15":2,"16":1,"17":1,"18":1,"19":4,"20":4,"21":4,"22":4,"23":4,"24":4,"25":4,"26":1,"27":1,"28":3,"29":3,"30":1,"31":1,"32":0,"33":0,"34":1,"35":2,"36":2,"37":2,"38":1,"39":2,"40":2,"41":0,"42":0,"43":2,"44":1,"45":3,"46":3,"47":3,"48":3,"49":3,"50":3,"51":1,"52":1,"53":2,"54":2,"55":0,"56":0,"57":2,"58":1},"b":{"1":[0,1],"2":[1,3],"3":[1,2],"4":[0,1],"5":[0,2],"6":[1,2],"7":[0,2]},"f":{"1":1,"2":7,"3":1,"4":1,"5":2,"6":1,"7":1,"8":4,"9":3,"10":1,"11":2,"12":2,"13":3,"14":2},"fnMap":{"1":{"name":"(anonymous_1)","line":10,"loc":{"start":{"line":10,"column":17},"end":{"line":10,"column":34}}},"2":{"name":"(anonymous_2)","line":14,"loc":{"start":{"line":14,"column":30},"end":{"line":14,"column":42}}},"3":{"name":"(anonymous_3)","line":56,"loc":{"start":{"line":56,"column":20},"end":{"line":56,"column":46}}},"4":{"name":"(anonymous_4)","line":57,"loc":{"start":{"line":57,"column":20},"end":{"line":57,"column":43}}},"5":{"name":"(anonymous_5)","line":66,"loc":{"start":{"line":66,"column":21},"end":{"line":66,"column":47}}},"6":{"name":"(anonymous_6)","line":68,"loc":{"start":{"line":68,"column":19},"end":{"line":68,"column":31}}},"7":{"name":"(anonymous_7)","line":71,"loc":{"start":{"line":71,"column":26},"end":{"line":71,"column":38}}},"8":{"name":"(anonymous_8)","line":77,"loc":{"start":{"line":77,"column":24},"end":{"line":77,"column":50}}},"9":{"name":"(anonymous_9)","line":89,"loc":{"start":{"line":89,"column":45},"end":{"line":89,"column":67}}},"10":{"name":"(anonymous_10)","line":95,"loc":{"start":{"line":95,"column":13},"end":{"line":95,"column":35}}},"11":{"name":"(anonymous_11)","line":111,"loc":{"start":{"line":111,"column":27},"end":{"line":111,"column":53}}},"12":{"name":"(anonymous_12)","line":112,"loc":{"start":{"line":112,"column":34},"end":{"line":112,"column":54}}},"13":{"name":"(anonymous_13)","line":121,"loc":{"start":{"line":121,"column":25},"end":{"line":121,"column":51}}},"14":{"name":"(anonymous_14)","line":137,"loc":{"start":{"line":137,"column":9},"end":{"line":137,"column":31}}}},"statementMap":{"1":{"start":{"line":7,"column":0},"end":{"line":7,"column":37}},"2":{"start":{"line":8,"column":0},"end":{"line":8,"column":41}},"3":{"start":{"line":10,"column":0},"end":{"line":149,"column":2}},"4":{"start":{"line":12,"column":2},"end":{"line":12,"column":22}},"5":{"start":{"line":14,"column":2},"end":{"line":54,"column":4}},"6":{"start":{"line":16,"column":4},"end":{"line":52,"column":6}},"7":{"start":{"line":53,"column":4},"end":{"line":53,"column":18}},"8":{"start":{"line":56,"column":2},"end":{"line":64,"column":4}},"9":{"start":{"line":57,"column":4},"end":{"line":63,"column":7}},"10":{"start":{"line":58,"column":6},"end":{"line":61,"column":7}},"11":{"start":{"line":59,"column":8},"end":{"line":59,"column":18}},"12":{"start":{"line":60,"column":8},"end":{"line":60,"column":15}},"13":{"start":{"line":62,"column":6},"end":{"line":62,"column":23}},"14":{"start":{"line":66,"column":2},"end":{"line":75,"column":4}},"15":{"start":{"line":67,"column":4},"end":{"line":74,"column":7}},"16":{"start":{"line":69,"column":8},"end":{"line":69,"column":29}},"17":{"start":{"line":72,"column":8},"end":{"line":72,"column":40}},"18":{"start":{"line":77,"column":2},"end":{"line":109,"column":4}},"19":{"start":{"line":78,"column":4},"end":{"line":78,"column":17}},"20":{"start":{"line":79,"column":4},"end":{"line":79,"column":51}},"21":{"start":{"line":80,"column":4},"end":{"line":80,"column":53}},"22":{"start":{"line":81,"column":4},"end":{"line":81,"column":49}},"23":{"start":{"line":83,"column":4},"end":{"line":83,"column":45}},"24":{"start":{"line":84,"column":4},"end":{"line":84,"column":55}},"25":{"start":{"line":85,"column":4},"end":{"line":108,"column":5}},"26":{"start":{"line":86,"column":6},"end":{"line":86,"column":27}},"27":{"start":{"line":87,"column":6},"end":{"line":87,"column":13}},"28":{"start":{"line":89,"column":6},"end":{"line":107,"column":9}},"29":{"start":{"line":90,"column":8},"end":{"line":106,"column":9}},"30":{"start":{"line":91,"column":10},"end":{"line":101,"column":13}},"31":{"start":{"line":96,"column":12},"end":{"line":99,"column":13}},"32":{"start":{"line":97,"column":14},"end":{"line":97,"column":24}},"33":{"start":{"line":98,"column":14},"end":{"line":98,"column":21}},"34":{"start":{"line":100,"column":12},"end":{"line":100,"column":28}},"35":{"start":{"line":103,"column":10},"end":{"line":103,"column":22}},"36":{"start":{"line":104,"column":10},"end":{"line":104,"column":42}},"37":{"start":{"line":105,"column":10},"end":{"line":105,"column":23}},"38":{"start":{"line":111,"column":2},"end":{"line":119,"column":4}},"39":{"start":{"line":112,"column":4},"end":{"line":118,"column":7}},"40":{"start":{"line":113,"column":6},"end":{"line":116,"column":7}},"41":{"start":{"line":114,"column":8},"end":{"line":114,"column":18}},"42":{"start":{"line":115,"column":8},"end":{"line":115,"column":15}},"43":{"start":{"line":117,"column":6},"end":{"line":117,"column":20}},"44":{"start":{"line":121,"column":2},"end":{"line":145,"column":4}},"45":{"start":{"line":123,"column":4},"end":{"line":123,"column":17}},"46":{"start":{"line":124,"column":4},"end":{"line":124,"column":51}},"47":{"start":{"line":125,"column":4},"end":{"line":125,"column":53}},"48":{"start":{"line":127,"column":4},"end":{"line":127,"column":45}},"49":{"start":{"line":128,"column":4},"end":{"line":128,"column":55}},"50":{"start":{"line":129,"column":4},"end":{"line":144,"column":5}},"51":{"start":{"line":130,"column":6},"end":{"line":130,"column":27}},"52":{"start":{"line":131,"column":6},"end":{"line":131,"column":13}},"53":{"start":{"line":133,"column":6},"end":{"line":143,"column":9}},"54":{"start":{"line":138,"column":8},"end":{"line":141,"column":9}},"55":{"start":{"line":139,"column":10},"end":{"line":139,"column":20}},"56":{"start":{"line":140,"column":10},"end":{"line":140,"column":17}},"57":{"start":{"line":142,"column":8},"end":{"line":142,"column":24}},"58":{"start":{"line":147,"column":2},"end":{"line":147,"column":20}}},"branchMap":{"1":{"line":58,"type":"if","locations":[{"start":{"line":58,"column":6},"end":{"line":58,"column":6}},{"start":{"line":58,"column":6},"end":{"line":58,"column":6}}]},"2":{"line":85,"type":"if","locations":[{"start":{"line":85,"column":4},"end":{"line":85,"column":4}},{"start":{"line":85,"column":4},"end":{"line":85,"column":4}}]},"3":{"line":90,"type":"if","locations":[{"start":{"line":90,"column":8},"end":{"line":90,"column":8}},{"start":{"line":90,"column":8},"end":{"line":90,"column":8}}]},"4":{"line":96,"type":"if","locations":[{"start":{"line":96,"column":12},"end":{"line":96,"column":12}},{"start":{"line":96,"column":12},"end":{"line":96,"column":12}}]},"5":{"line":113,"type":"if","locations":[{"start":{"line":113,"column":6},"end":{"line":113,"column":6}},{"start":{"line":113,"column":6},"end":{"line":113,"column":6}}]},"6":{"line":129,"type":"if","locations":[{"start":{"line":129,"column":4},"end":{"line":129,"column":4}},{"start":{"line":129,"column":4},"end":{"line":129,"column":4}}]},"7":{"line":138,"type":"if","locations":[{"start":{"line":138,"column":8},"end":{"line":138,"column":8}},{"start":{"line":138,"column":8},"end":{"line":138,"column":8}}]}}}}